<?xml version="1.0" encoding="UTF-8"?>
<testsuite name="MainTest" tests="1" skipped="0" failures="0" errors="0" timestamp="2021-07-25T19:09:06" hostname="DESKTOP-IRERKA5" time="0.017">
  <properties/>
  <testcase name="equalityTest()" classname="MainTest" time="0.017"/>
  <system-out><![CDATA[]]></system-out>
  <system-err><![CDATA[]]></system-err>
</testsuite>
